2022-07-21 08:14:30.168 INFO  (main) [   ] o.e.j.u.log Logging initialized @590ms to org.eclipse.jetty.util.log.Slf4jLog
2022-07-21 08:14:30.290 INFO  (main) [   ] o.e.j.s.Server jetty-9.4.44.v20210927; built: 2021-09-27T23:02:44.612Z; git: 8da83308eeca865e495e53ef315a249d63ba9332; jvm 11.0.15+10
2022-07-21 08:14:30.328 INFO  (main) [   ] o.e.j.d.p.ScanningAppProvider Deployment monitor [file:///opt/solr-8.11.2/server/contexts/] at interval 0
2022-07-21 08:14:30.508 INFO  (main) [   ] o.e.j.w.StandardDescriptorProcessor NO JSP Support for /solr, did not find org.apache.jasper.servlet.JspServlet
2022-07-21 08:14:30.514 INFO  (main) [   ] o.e.j.s.session DefaultSessionIdManager workerName=node0
2022-07-21 08:14:30.514 INFO  (main) [   ] o.e.j.s.session No SessionScavenger set, using defaults
2022-07-21 08:14:30.516 INFO  (main) [   ] o.e.j.s.session node0 Scavenging every 600000ms
2022-07-21 08:14:30.580 INFO  (main) [   ] o.a.s.s.SolrDispatchFilter Using logger factory org.apache.logging.slf4j.Log4jLoggerFactory
2022-07-21 08:14:30.584 INFO  (main) [   ] o.a.s.s.SolrDispatchFilter  ___      _       Welcome to Apache Solr™ version 8.11.2
2022-07-21 08:14:30.584 INFO  (main) [   ] o.a.s.s.SolrDispatchFilter / __| ___| |_ _   Starting in standalone mode on port 8983
2022-07-21 08:14:30.584 INFO  (main) [   ] o.a.s.s.SolrDispatchFilter \__ \/ _ \ | '_|  Install dir: /opt/solr
2022-07-21 08:14:30.584 INFO  (main) [   ] o.a.s.s.SolrDispatchFilter |___/\___/_|_|    Start time: 2022-07-21T08:14:30.584258Z
2022-07-21 08:14:30.599 INFO  (main) [   ] o.a.s.c.SolrPaths Using system property solr.solr.home: /var/solr/data
2022-07-21 08:14:30.599 INFO  (main) [   ] o.a.s.c.SolrXmlConfig Loading container configuration from /var/solr/data/solr.xml
2022-07-21 08:14:30.658 INFO  (main) [   ] o.a.s.c.SolrXmlConfig MBean server found: com.sun.jmx.mbeanserver.JmxMBeanServer@1750fbeb, but no JMX reporters were configured - adding default JMX reporter.
2022-07-21 08:14:31.185 INFO  (main) [   ] o.a.s.h.c.HttpShardHandlerFactory Host whitelist initialized: WhitelistHostChecker [whitelistHosts=null, whitelistHostCheckingEnabled=true]
2022-07-21 08:14:31.298 WARN  (main) [   ] o.e.j.u.s.S.config Trusting all certificates configured for Client@68217d41[provider=null,keyStore=null,trustStore=null]
2022-07-21 08:14:31.298 WARN  (main) [   ] o.e.j.u.s.S.config No Client EndPointIdentificationAlgorithm configured for Client@68217d41[provider=null,keyStore=null,trustStore=null]
2022-07-21 08:14:31.399 WARN  (main) [   ] o.e.j.u.s.S.config Trusting all certificates configured for Client@3e7c4815[provider=null,keyStore=null,trustStore=null]
2022-07-21 08:14:31.399 WARN  (main) [   ] o.e.j.u.s.S.config No Client EndPointIdentificationAlgorithm configured for Client@3e7c4815[provider=null,keyStore=null,trustStore=null]
2022-07-21 08:14:31.435 WARN  (main) [   ] o.a.s.c.CoreContainer Not all security plugins configured!  authentication=disabled authorization=disabled.  Solr is only as secure as you make it. Consider configuring authentication/authorization before exposing Solr to users internal or external.  See https://s.apache.org/solrsecurity for more info
2022-07-21 08:14:31.511 INFO  (main) [   ] o.a.s.c.TransientSolrCoreCacheDefault Allocating transient core cache for max 2147483647 cores with initial capacity of 1024
2022-07-21 08:14:31.519 INFO  (main) [   ] o.a.s.h.a.MetricsHistoryHandler No .system collection, keeping metrics history in memory.
2022-07-21 08:14:31.559 INFO  (main) [   ] o.a.s.m.r.SolrJmxReporter JMX monitoring for 'solr.node' (registry 'solr.node') enabled at server: com.sun.jmx.mbeanserver.JmxMBeanServer@1750fbeb
2022-07-21 08:14:31.559 INFO  (main) [   ] o.a.s.m.r.SolrJmxReporter JMX monitoring for 'solr.jvm' (registry 'solr.jvm') enabled at server: com.sun.jmx.mbeanserver.JmxMBeanServer@1750fbeb
2022-07-21 08:14:31.560 INFO  (main) [   ] o.a.s.m.r.SolrJmxReporter JMX monitoring for 'solr.jetty' (registry 'solr.jetty') enabled at server: com.sun.jmx.mbeanserver.JmxMBeanServer@1750fbeb
2022-07-21 08:14:31.631 INFO  (main) [   ] o.a.s.c.CorePropertiesLocator Found 1 core definitions underneath /var/solr/data
2022-07-21 08:14:31.631 INFO  (main) [   ] o.a.s.c.CorePropertiesLocator Cores are: [blacklight]
2022-07-21 08:14:31.667 INFO  (coreLoadExecutor-13-thread-1) [   x:blacklight] o.a.s.c.SolrConfig Using Lucene MatchVersion: 8.11.2
2022-07-21 08:14:31.673 INFO  (main) [   ] o.e.j.s.h.ContextHandler Started o.e.j.w.WebAppContext@419a20a6{/solr,file:///opt/solr-8.11.2/server/solr-webapp/webapp/,AVAILABLE}{/opt/solr-8.11.2/server/solr-webapp/webapp}
2022-07-21 08:14:31.684 INFO  (main) [   ] o.e.j.s.AbstractConnector Started ServerConnector@3fb6cf60{HTTP/1.1, (http/1.1, h2c)}{0.0.0.0:8983}
2022-07-21 08:14:31.684 INFO  (main) [   ] o.e.j.s.Server Started @2107ms
2022-07-21 08:14:31.697 WARN  (coreLoadExecutor-13-thread-1) [   x:blacklight] o.a.s.c.SolrConfig solrconfig.xml: <jmx> is no longer supported, use solr.xml:/metrics/reporter section instead
2022-07-21 08:14:31.728 INFO  (coreLoadExecutor-13-thread-1) [   x:blacklight] o.a.s.s.IndexSchema Schema name=default-config
2022-07-21 08:14:32.133 INFO  (coreLoadExecutor-13-thread-1) [   x:blacklight] o.a.s.s.IndexSchema Loaded schema default-config/1.6 with uniqueid field id
2022-07-21 08:14:32.215 INFO  (coreLoadExecutor-13-thread-1) [   x:blacklight] o.a.s.c.CoreContainer Creating SolrCore 'blacklight' using configuration from instancedir /var/solr/data/blacklight, trusted=true
2022-07-21 08:14:32.233 INFO  (coreLoadExecutor-13-thread-1) [   x:blacklight] o.a.s.m.r.SolrJmxReporter JMX monitoring for 'solr.core.blacklight' (registry 'solr.core.blacklight') enabled at server: com.sun.jmx.mbeanserver.JmxMBeanServer@1750fbeb
2022-07-21 08:14:32.242 INFO  (coreLoadExecutor-13-thread-1) [   x:blacklight] o.a.s.c.SolrCore [[blacklight] ] Opening new SolrCore at [/var/solr/data/blacklight], dataDir=[/var/solr/data/blacklight/data/]
2022-07-21 08:14:32.679 INFO  (coreLoadExecutor-13-thread-1) [   x:blacklight] o.a.s.u.UpdateHandler Using UpdateLog implementation: org.apache.solr.update.UpdateLog
2022-07-21 08:14:32.679 INFO  (coreLoadExecutor-13-thread-1) [   x:blacklight] o.a.s.u.UpdateLog Initializing UpdateLog: dataDir= defaultSyncLevel=FLUSH numRecordsToKeep=100 maxNumLogsToKeep=10 numVersionBuckets=65536
2022-07-21 08:14:32.693 INFO  (coreLoadExecutor-13-thread-1) [   x:blacklight] o.a.s.u.CommitTracker Hard AutoCommit: if uncommitted for 15000ms; 
2022-07-21 08:14:32.693 INFO  (coreLoadExecutor-13-thread-1) [   x:blacklight] o.a.s.u.CommitTracker Soft AutoCommit: disabled
2022-07-21 08:14:32.736 INFO  (coreLoadExecutor-13-thread-1) [   x:blacklight] o.a.s.r.ManagedResourceStorage File-based storage initialized to use dir: /var/solr/data/blacklight/conf
2022-07-21 08:14:32.747 INFO  (coreLoadExecutor-13-thread-1) [   x:blacklight] o.a.s.h.c.SpellCheckComponent Initializing spell checkers
2022-07-21 08:14:32.752 INFO  (coreLoadExecutor-13-thread-1) [   x:blacklight] o.a.s.s.DirectSolrSpellChecker init: {name=default,field=_text_,classname=solr.DirectSolrSpellChecker,distanceMeasure=internal,accuracy=0.5,maxQueryFrequency=0.01,maxEdits=2,minPrefix=1,maxInspections=5,minQueryLength=4}
2022-07-21 08:14:32.761 INFO  (coreLoadExecutor-13-thread-1) [   x:blacklight] o.a.s.h.ReplicationHandler Commits will be reserved for 10000 ms
2022-07-21 08:14:32.765 INFO  (coreLoadExecutor-13-thread-1) [   x:blacklight] o.a.s.u.UpdateLog Could not find max version in index or recent updates, using new clock 1738949287230832640
2022-07-21 08:14:32.768 INFO  (searcherExecutor-15-thread-1-processing-x:blacklight) [   x:blacklight] o.a.s.c.QuerySenderListener QuerySenderListener done.
2022-07-21 08:14:32.768 INFO  (searcherExecutor-15-thread-1-processing-x:blacklight) [   x:blacklight] o.a.s.h.c.SpellCheckComponent Loading spell index for spellchecker: default
2022-07-21 08:14:32.774 INFO  (searcherExecutor-15-thread-1-processing-x:blacklight) [   x:blacklight] o.a.s.c.SolrCore [blacklight]  Registered new searcher autowarm time: 0 ms
2022-07-21 08:14:38.253 INFO  (qtp110053477-23) [   ] o.a.s.s.HttpSolrCall [admin] webapp=null path=/admin/cores params={indexInfo=false&wt=json&_=1658391278194} status=0 QTime=5
2022-07-21 08:14:38.266 INFO  (qtp110053477-17) [   ] o.a.s.s.HttpSolrCall [admin] webapp=null path=/admin/info/system params={wt=json&_=1658391278195} status=0 QTime=18
2022-07-21 08:14:38.266 INFO  (qtp110053477-41) [   ] o.a.s.s.HttpSolrCall [admin] webapp=null path=/admin/info/system params={wt=json&_=1658391278195} status=0 QTime=18
2022-07-21 08:14:40.949 INFO  (qtp110053477-41) [   ] o.a.s.s.HttpSolrCall [admin] webapp=null path=/admin/cores params={indexInfo=false&wt=json&_=1658391278194} status=0 QTime=0
2022-07-21 08:14:40.953 INFO  (qtp110053477-17) [   ] o.a.s.s.HttpSolrCall [admin] webapp=null path=/admin/info/system params={wt=json&_=1658391278195} status=0 QTime=4
2022-07-21 08:14:40.953 INFO  (qtp110053477-40) [   x:blacklight] o.a.s.c.S.Request [blacklight]  webapp=/solr path=/admin/ping params={action=status&wt=json&_=1658391278195&ts=1658391278195} status=503 QTime=4
2022-07-21 08:14:40.955 INFO  (qtp110053477-23) [   x:blacklight] o.a.s.c.S.Request [blacklight]  webapp=/solr path=/admin/system params={wt=json&_=1658391280942} status=0 QTime=6
2022-07-21 08:14:40.961 INFO  (qtp110053477-20) [   x:blacklight] o.a.s.c.S.Request [blacklight]  webapp=/solr path=/admin/luke params={numTerms=0&show=index&wt=json&_=1658391280942} status=0 QTime=11
2022-07-21 08:14:40.964 INFO  (qtp110053477-25) [   x:blacklight] o.a.s.c.S.Request [blacklight]  webapp=/solr path=/replication params={wt=json&command=details&_=1658391280942} status=0 QTime=16
2022-07-21 08:14:55.362 INFO  (qtp110053477-24) [   ] o.a.s.s.HttpSolrCall [admin] webapp=null path=/admin/cores params={indexInfo=false&wt=json&_=1658391278194} status=0 QTime=0
2022-07-21 08:14:55.364 INFO  (qtp110053477-23) [   ] o.a.s.s.HttpSolrCall [admin] webapp=null path=/admin/info/system params={wt=json&_=1658391278195} status=0 QTime=6
2022-07-21 08:14:55.390 INFO  (qtp110053477-17) [   ] o.a.s.s.HttpSolrCall [admin] webapp=null path=/admin/info/system params={wt=json&_=1658391278195} status=0 QTime=4
2022-07-21 08:14:57.156 INFO  (qtp110053477-21) [   ] o.a.s.s.HttpSolrCall [admin] webapp=null path=/admin/cores params={indexInfo=false&wt=json&_=1658391278194} status=0 QTime=3
2022-07-21 08:14:57.171 INFO  (qtp110053477-40) [   x:blacklight] o.a.s.c.S.Request [blacklight]  webapp=/solr path=/admin/luke params={numTerms=0&show=index&wt=json&_=1658391280942} status=0 QTime=0
2022-07-21 08:14:57.172 INFO  (qtp110053477-24) [   x:blacklight] o.a.s.c.S.Request [blacklight]  webapp=/solr path=/replication params={wt=json&command=details&_=1658391280942} status=0 QTime=1
2022-07-21 08:14:57.173 INFO  (qtp110053477-21) [   x:blacklight] o.a.s.c.S.Request [blacklight]  webapp=/solr path=/admin/ping params={action=status&wt=json&_=1658391278195&ts=1658391278195} status=503 QTime=0
2022-07-21 08:14:57.177 INFO  (qtp110053477-17) [   ] o.a.s.s.HttpSolrCall [admin] webapp=null path=/admin/info/system params={wt=json&_=1658391278195} status=0 QTime=5
2022-07-21 08:14:57.180 INFO  (qtp110053477-40) [   x:blacklight] o.a.s.c.S.Request [blacklight]  webapp=/solr path=/admin/system params={wt=json&_=1658391280942} status=0 QTime=7
2022-07-21 08:14:59.424 INFO  (qtp110053477-23) [   ] o.a.s.s.HttpSolrCall [admin] webapp=null path=/admin/cores params={indexInfo=false&wt=json&_=1658391299398} status=0 QTime=0
2022-07-21 08:14:59.429 INFO  (qtp110053477-17) [   x:blacklight] o.a.s.c.S.Request [blacklight]  webapp=/solr path=/replication params={wt=json&command=details&_=1658391299422} status=0 QTime=1
2022-07-21 08:14:59.438 INFO  (qtp110053477-40) [   ] o.a.s.s.HttpSolrCall [admin] webapp=null path=/admin/info/system params={wt=json&_=1658391299398} status=0 QTime=15
2022-07-21 08:14:59.441 INFO  (qtp110053477-41) [   x:blacklight] o.a.s.c.S.Request [blacklight]  webapp=/solr path=/admin/ping params={action=status&wt=json&_=1658391299398&ts=1658391299398} status=503 QTime=0
2022-07-21 08:14:59.443 INFO  (qtp110053477-24) [   x:blacklight] o.a.s.c.S.Request [blacklight]  webapp=/solr path=/admin/luke params={numTerms=0&show=index&wt=json&_=1658391299422} status=0 QTime=14
2022-07-21 08:14:59.443 INFO  (qtp110053477-21) [   x:blacklight] o.a.s.c.S.Request [blacklight]  webapp=/solr path=/admin/system params={wt=json&_=1658391299422} status=0 QTime=3
2022-07-21 08:15:09.358 INFO  (JettyShutdownThread) [   ] o.e.j.s.AbstractConnector Stopped ServerConnector@3fb6cf60{HTTP/1.1, (http/1.1, h2c)}{0.0.0.0:8983}
2022-07-21 08:15:09.360 INFO  (JettyShutdownThread) [   ] o.e.j.s.session node0 Stopped scavenging
2022-07-21 08:15:09.363 INFO  (JettyShutdownThread) [   ] o.a.s.c.CoreContainer Shutting down CoreContainer instance=1747702724
2022-07-21 08:15:09.368 INFO  (coreCloseExecutor-21-thread-1) [   ] o.a.s.c.SolrCore [blacklight]  CLOSING SolrCore org.apache.solr.core.SolrCore@11dd3703
2022-07-21 08:15:09.368 INFO  (coreCloseExecutor-21-thread-1) [   ] o.a.s.m.SolrMetricManager Closing metric reporters for registry=solr.core.blacklight tag=SolrCore@11dd3703
2022-07-21 08:15:09.368 INFO  (coreCloseExecutor-21-thread-1) [   ] o.a.s.m.r.SolrJmxReporter Closing reporter [org.apache.solr.metrics.reporters.SolrJmxReporter@7fbce27a: rootName = null, domain = solr.core.blacklight, service url = null, agent id = null] for registry solr.core.blacklight/com.codahale.metrics.MetricRegistry@82fc3a9
2022-07-21 08:15:09.383 INFO  (coreCloseExecutor-21-thread-1) [   ] o.a.s.u.DirectUpdateHandler2 Committing on IndexWriter.close()  ... SKIPPED (unnecessary).
2022-07-21 08:15:09.395 INFO  (JettyShutdownThread) [   ] o.a.s.m.SolrMetricManager Closing metric reporters for registry=solr.node tag=null
2022-07-21 08:15:09.395 INFO  (JettyShutdownThread) [   ] o.a.s.m.r.SolrJmxReporter Closing reporter [org.apache.solr.metrics.reporters.SolrJmxReporter@d613308: rootName = null, domain = solr.node, service url = null, agent id = null] for registry solr.node/com.codahale.metrics.MetricRegistry@1479dcc0
2022-07-21 08:15:09.398 INFO  (JettyShutdownThread) [   ] o.a.s.m.SolrMetricManager Closing metric reporters for registry=solr.jvm tag=null
2022-07-21 08:15:09.398 INFO  (JettyShutdownThread) [   ] o.a.s.m.r.SolrJmxReporter Closing reporter [org.apache.solr.metrics.reporters.SolrJmxReporter@70211df5: rootName = null, domain = solr.jvm, service url = null, agent id = null] for registry solr.jvm/com.codahale.metrics.MetricRegistry@54ae6929
2022-07-21 08:15:09.399 INFO  (JettyShutdownThread) [   ] o.a.s.m.SolrMetricManager Closing metric reporters for registry=solr.jetty tag=null
2022-07-21 08:15:09.399 INFO  (JettyShutdownThread) [   ] o.a.s.m.r.SolrJmxReporter Closing reporter [org.apache.solr.metrics.reporters.SolrJmxReporter@4c5228e7: rootName = null, domain = solr.jetty, service url = null, agent id = null] for registry solr.jetty/com.codahale.metrics.MetricRegistry@662c5e1
2022-07-21 08:15:09.413 INFO  (JettyShutdownThread) [   ] o.e.j.s.h.ContextHandler Stopped o.e.j.w.WebAppContext@419a20a6{/solr,null,STOPPED}{/opt/solr-8.11.2/server/solr-webapp/webapp}
